<?xml version="1.0" encoding="UTF-8"?>
<!-- Generated by org.testng.reporters.JUnitReportReporter -->
<testsuite hostname="DESKTOP-361HE37" failures="0" tests="14" name="dsa_sheet_Test.DSA_sheet_HeaderTest" time="46.374" errors="0" timestamp="2025-09-22T19:07:38 IST" skipped="0">
  <testcase classname="dsa_sheet_Test.DSA_sheet_HeaderTest" name="clickonsignIN" time="2.267"/>
  <testcase classname="dsa_sheet_Test.DSA_sheet_HeaderTest" name="Login" time="3.229"/>
  <testcase classname="dsa_sheet_Test.DSA_sheet_HeaderTest" name="clickoncourses" time="1.616"/>
  <testcase classname="dsa_sheet_Test.DSA_sheet_HeaderTest" name="clickonAlpha6" time="5.479"/>
  <testcase classname="dsa_sheet_Test.DSA_sheet_HeaderTest" name="clickonDelta7" time="16.835"/>
  <testcase classname="dsa_sheet_Test.DSA_sheet_HeaderTest" name="clickonSigma_9" time="4.544"/>
  <testcase classname="dsa_sheet_Test.DSA_sheet_HeaderTest" name="clickonResource" time="1.125"/>
  <testcase classname="dsa_sheet_Test.DSA_sheet_HeaderTest" name="clickonDsaSheet" time="1.974"/>
  <testcase classname="dsa_sheet_Test.DSA_sheet_HeaderTest" name="testSearchBar" time="2.268"/>
  <testcase classname="dsa_sheet_Test.DSA_sheet_HeaderTest" name="checkNotifications" time="1.145"/>
  <testcase classname="dsa_sheet_Test.DSA_sheet_HeaderTest" name="checkDarkmodebutton" time="1.167"/>
  <testcase classname="dsa_sheet_Test.DSA_sheet_HeaderTest" name="chekcodingStreak" time="2.422"/>
  <testcase classname="dsa_sheet_Test.DSA_sheet_HeaderTest" name="clickonProfileLogo" time="1.126"/>
  <testcase classname="dsa_sheet_Test.DSA_sheet_HeaderTest" name="clickonprofiledropdown" time="1.177"/>
</testsuite> <!-- dsa_sheet_Test.DSA_sheet_HeaderTest -->
