<?xml version="1.0" encoding="UTF-8"?>
<!-- Generated by org.testng.reporters.JUnitReportReporter -->
<testsuite hostname="DESKTOP-361HE37" failures="0" tests="14" name="dsa_sheet_Test.DSA_sheet_HeaderTest" time="34.003" errors="0" timestamp="2025-09-25T19:04:54 IST" skipped="0">
  <testcase classname="dsa_sheet_Test.DSA_sheet_HeaderTest" name="clickonsignIN" time="1.367"/>
  <testcase classname="dsa_sheet_Test.DSA_sheet_HeaderTest" name="Login" time="4.611"/>
  <testcase classname="dsa_sheet_Test.DSA_sheet_HeaderTest" name="clickoncourses" time="1.260"/>
  <testcase classname="dsa_sheet_Test.DSA_sheet_HeaderTest" name="clickonAlpha6" time="5.464"/>
  <testcase classname="dsa_sheet_Test.DSA_sheet_HeaderTest" name="clickonDelta7" time="3.683"/>
  <testcase classname="dsa_sheet_Test.DSA_sheet_HeaderTest" name="clickonSigma_9" time="5.122"/>
  <testcase classname="dsa_sheet_Test.DSA_sheet_HeaderTest" name="clickonResource" time="1.224"/>
  <testcase classname="dsa_sheet_Test.DSA_sheet_HeaderTest" name="clickonDsaSheet" time="1.742"/>
  <testcase classname="dsa_sheet_Test.DSA_sheet_HeaderTest" name="testSearchBar" time="1.887"/>
  <testcase classname="dsa_sheet_Test.DSA_sheet_HeaderTest" name="checkNotifications" time="1.361"/>
  <testcase classname="dsa_sheet_Test.DSA_sheet_HeaderTest" name="checkDarkmodebutton" time="1.323"/>
  <testcase classname="dsa_sheet_Test.DSA_sheet_HeaderTest" name="chekcodingStreak" time="2.416"/>
  <testcase classname="dsa_sheet_Test.DSA_sheet_HeaderTest" name="clickonProfileLogo" time="1.237"/>
  <testcase classname="dsa_sheet_Test.DSA_sheet_HeaderTest" name="clickonprofiledropdown" time="1.306"/>
</testsuite> <!-- dsa_sheet_Test.DSA_sheet_HeaderTest -->
