<?xml version="1.0" encoding="UTF-8"?>
<!-- Generated by org.testng.reporters.JUnitReportReporter -->
<testsuite hostname="DESKTOP-361HE37" failures="0" tests="6" name="dsa_sheet_Test.Courses_Test" time="36.189" errors="0" timestamp="2025-09-20T19:08:53 IST" skipped="0">
  <testcase classname="dsa_sheet_Test.Courses_Test" name="clickonsignIN" time="5.121"/>
  <testcase classname="dsa_sheet_Test.Courses_Test" name="Login" time="8.421"/>
  <testcase classname="dsa_sheet_Test.Courses_Test" name="ClickonCourses" time="2.100"/>
  <testcase classname="dsa_sheet_Test.Courses_Test" name="clickonAlpha6" time="6.804"/>
  <testcase classname="dsa_sheet_Test.Courses_Test" name="clickonDelta7" time="6.232"/>
  <testcase classname="dsa_sheet_Test.Courses_Test" name="clickonSigma9" time="7.511"/>
</testsuite> <!-- dsa_sheet_Test.Courses_Test -->
