<?xml version="1.0" encoding="UTF-8"?>
<!-- Generated by org.testng.reporters.JUnitReportReporter -->
<testsuite hostname="DESKTOP-361HE37" failures="0" tests="15" name="dsa_sheet_Test.Dsa_Profile_mainPageTest" time="31.206" errors="0" timestamp="2025-09-26T15:57:42 IST" skipped="0">
  <testcase classname="dsa_sheet_Test.Dsa_Profile_mainPageTest" name="clickonsignIN" time="1.824"/>
  <testcase classname="dsa_sheet_Test.Dsa_Profile_mainPageTest" name="Login" time="3.526"/>
  <testcase classname="dsa_sheet_Test.Dsa_Profile_mainPageTest" name="openProFile" time="2.076"/>
  <testcase classname="dsa_sheet_Test.Dsa_Profile_mainPageTest" name="clickonIdealprofile" time="2.904"/>
  <testcase classname="dsa_sheet_Test.Dsa_Profile_mainPageTest" name="clickonprevmonth" time="0.864"/>
  <testcase classname="dsa_sheet_Test.Dsa_Profile_mainPageTest" name="clickOnnextmonth" time="0.664"/>
  <testcase classname="dsa_sheet_Test.Dsa_Profile_mainPageTest" name="clickonprevweekData" time="0.769"/>
  <testcase classname="dsa_sheet_Test.Dsa_Profile_mainPageTest" name="clickonNextWeekData" time="0.935"/>
  <testcase classname="dsa_sheet_Test.Dsa_Profile_mainPageTest" name="clickonaddexperiance" time="2.196"/>
  <testcase classname="dsa_sheet_Test.Dsa_Profile_mainPageTest" name="clickonAddeducation" time="1.319"/>
  <testcase classname="dsa_sheet_Test.Dsa_Profile_mainPageTest" name="clickonaddCodeForce" time="1.506"/>
  <testcase classname="dsa_sheet_Test.Dsa_Profile_mainPageTest" name="clickonAddlinkedin" time="1.919"/>
  <testcase classname="dsa_sheet_Test.Dsa_Profile_mainPageTest" name="addNote" time="2.396"/>
  <testcase classname="dsa_sheet_Test.Dsa_Profile_mainPageTest" name="clickonseeallNotes" time="2.054"/>
  <testcase classname="dsa_sheet_Test.Dsa_Profile_mainPageTest" name="SeeAllcodebuddyList" time="6.254"/>
</testsuite> <!-- dsa_sheet_Test.Dsa_Profile_mainPageTest -->
