<?xml version="1.0" encoding="UTF-8"?>
<!-- Generated by org.testng.reporters.JUnitReportReporter -->
<testsuite hostname="DESKTOP-361HE37" failures="0" tests="4" name="dsa_sheet_Test.CompanywiseTest" time="37.181" errors="0" timestamp="2025-10-03T15:21:52 IST" skipped="0">
  <testcase classname="dsa_sheet_Test.CompanywiseTest" name="clickonsignIN" time="0.600"/>
  <testcase classname="dsa_sheet_Test.CompanywiseTest" name="Login" time="2.781"/>
  <testcase classname="dsa_sheet_Test.CompanywiseTest" name="clickonCompayWiseSheet" time="1.406"/>
  <testcase classname="dsa_sheet_Test.CompanywiseTest" name="clickonCompanies" time="32.394"/>
</testsuite> <!-- dsa_sheet_Test.CompanywiseTest -->
