<?xml version="1.0" encoding="UTF-8"?>
<!-- Generated by org.testng.reporters.JUnitReportReporter -->
<testsuite hostname="DESKTOP-361HE37" failures="0" tests="11" name="dsa_sheet_Test.Setting_test" time="15.472" errors="0" timestamp="2025-09-26T15:56:23 IST" skipped="0">
  <testcase classname="dsa_sheet_Test.Setting_test" name="clickonsignIN" time="0.735"/>
  <testcase classname="dsa_sheet_Test.Setting_test" name="Login" time="4.289"/>
  <testcase classname="dsa_sheet_Test.Setting_test" name="openSetting" time="3.985"/>
  <testcase classname="dsa_sheet_Test.Setting_test" name="clickonEmailtoggle" time="0.885"/>
  <testcase classname="dsa_sheet_Test.Setting_test" name="clickonWhatsapptoggle" time="0.252"/>
  <testcase classname="dsa_sheet_Test.Setting_test" name="currentPassword" time="0.851"/>
  <testcase classname="dsa_sheet_Test.Setting_test" name="Enternewpassword" time="0.359"/>
  <testcase classname="dsa_sheet_Test.Setting_test" name="confirmpassword" time="0.371"/>
  <testcase classname="dsa_sheet_Test.Setting_test" name="clickonsavePassword" time="0.251"/>
  <testcase classname="dsa_sheet_Test.Setting_test" name="uploadpic" time="3.194"/>
  <testcase classname="dsa_sheet_Test.Setting_test" name="clickonsavechanges" time="0.300"/>
</testsuite> <!-- dsa_sheet_Test.Setting_test -->
