<?xml version="1.0" encoding="UTF-8"?>
<!-- Generated by org.testng.reporters.JUnitReportReporter -->
<testsuite hostname="DESKTOP-361HE37" failures="0" tests="15" name="dsa_sheet_Test.Dsa_sheet_mainpagetest" time="107.011" errors="0" timestamp="2025-09-26T19:41:44 IST" skipped="0">
  <testcase classname="dsa_sheet_Test.Dsa_sheet_mainpagetest" name="clickonsignIN" time="1.860"/>
  <testcase classname="dsa_sheet_Test.Dsa_sheet_mainpagetest" name="login" time="2.353"/>
  <testcase classname="dsa_sheet_Test.Dsa_sheet_mainpagetest" name="clickonLeftSideOption" time="3.119"/>
  <testcase classname="dsa_sheet_Test.Dsa_sheet_mainpagetest" name="VerifyComapnywiseSheet" time="3.030"/>
  <testcase classname="dsa_sheet_Test.Dsa_sheet_mainpagetest" name="clickonCompanyWiseSheet" time="2.634"/>
  <testcase classname="dsa_sheet_Test.Dsa_sheet_mainpagetest" name="clickonCodebuddy" time="3.009"/>
  <testcase classname="dsa_sheet_Test.Dsa_sheet_mainpagetest" name="ClickonsavedButton" time="0.445"/>
  <testcase classname="dsa_sheet_Test.Dsa_sheet_mainpagetest" name="ShowSaveQuestion" time="0.303"/>
  <testcase classname="dsa_sheet_Test.Dsa_sheet_mainpagetest" name="openQuestion" time="3.370"/>
  <testcase classname="dsa_sheet_Test.Dsa_sheet_mainpagetest" name="ClickonCheckBox" time="2.301"/>
  <testcase classname="dsa_sheet_Test.Dsa_sheet_mainpagetest" name="clickonArticles" time="22.416"/>
  <testcase classname="dsa_sheet_Test.Dsa_sheet_mainpagetest" name="clickonYT" time="22.155"/>
  <testcase classname="dsa_sheet_Test.Dsa_sheet_mainpagetest" name="clickonpractice" time="20.166"/>
  <testcase classname="dsa_sheet_Test.Dsa_sheet_mainpagetest" name="clickonTimer" time="2.789"/>
  <testcase classname="dsa_sheet_Test.Dsa_sheet_mainpagetest" name="saveQUestion" time="17.061"/>
</testsuite> <!-- dsa_sheet_Test.Dsa_sheet_mainpagetest -->
