<?xml version="1.0" encoding="UTF-8"?>
<!-- Generated by org.testng.reporters.JUnitReportReporter -->
<testsuite hostname="DESKTOP-361HE37" failures="0" tests="1" name="baselibrary.checkin" time="1.441" errors="0" timestamp="2025-09-26T15:18:07 IST" skipped="0">
  <testcase classname="baselibrary.checkin" name="check" time="1.441"/>
</testsuite> <!-- baselibrary.checkin -->
