<?xml version="1.0" encoding="UTF-8"?>
<!-- Generated by org.testng.reporters.JUnitReportReporter -->
<testsuite hostname="DESKTOP-361HE37" failures="0" tests="35" name="dsa_sheet_Test.Profile_edit_Test" time="59.228" errors="0" timestamp="2025-09-24T15:43:05 IST" skipped="0">
  <testcase classname="dsa_sheet_Test.Profile_edit_Test" name="clickonsignIN" time="3.034"/>
  <testcase classname="dsa_sheet_Test.Profile_edit_Test" name="Login" time="3.637"/>
  <testcase classname="dsa_sheet_Test.Profile_edit_Test" name="openProFile" time="1.764"/>
  <testcase classname="dsa_sheet_Test.Profile_edit_Test" name="clickonEditProfile" time="2.057"/>
  <testcase classname="dsa_sheet_Test.Profile_edit_Test" name="enter_Name" time="2.524"/>
  <testcase classname="dsa_sheet_Test.Profile_edit_Test" name="enterUserName" time="2.383"/>
  <testcase classname="dsa_sheet_Test.Profile_edit_Test" name="enter_Mobile_Num" time="2.525"/>
  <testcase classname="dsa_sheet_Test.Profile_edit_Test" name="enterBio" time="2.482"/>
  <testcase classname="dsa_sheet_Test.Profile_edit_Test" name="enterCodeForce" time="3.390"/>
  <testcase classname="dsa_sheet_Test.Profile_edit_Test" name="enterGithubUrl" time="2.366"/>
  <testcase classname="dsa_sheet_Test.Profile_edit_Test" name="enterLeetCode" time="2.358"/>
  <testcase classname="dsa_sheet_Test.Profile_edit_Test" name="enterLinkedin" time="2.407"/>
  <testcase classname="dsa_sheet_Test.Profile_edit_Test" name="clickOnInstiution" time="0.974"/>
  <testcase classname="dsa_sheet_Test.Profile_edit_Test" name="select_Degree" time="2.715"/>
  <testcase classname="dsa_sheet_Test.Profile_edit_Test" name="selectbranch" time="2.666"/>
  <testcase classname="dsa_sheet_Test.Profile_edit_Test" name="StartedMonth" time="0.783"/>
  <testcase classname="dsa_sheet_Test.Profile_edit_Test" name="StartedYear" time="0.766"/>
  <testcase classname="dsa_sheet_Test.Profile_edit_Test" name="endMonth" time="0.766"/>
  <testcase classname="dsa_sheet_Test.Profile_edit_Test" name="endYear" time="0.766"/>
  <testcase classname="dsa_sheet_Test.Profile_edit_Test" name="OpenAnothereduPage" time="0.633"/>
  <testcase classname="dsa_sheet_Test.Profile_edit_Test" name="closeAnothereduPage" time="2.291"/>
  <testcase classname="dsa_sheet_Test.Profile_edit_Test" name="entertitle" time="1.383"/>
  <testcase classname="dsa_sheet_Test.Profile_edit_Test" name="employeeType" time="1.541"/>
  <testcase classname="dsa_sheet_Test.Profile_edit_Test" name="enterCompany" time="0.276"/>
  <testcase classname="dsa_sheet_Test.Profile_edit_Test" name="clickonToggle" time="0.747"/>
  <testcase classname="dsa_sheet_Test.Profile_edit_Test" name="selectjobStartedmonth" time="1.827"/>
  <testcase classname="dsa_sheet_Test.Profile_edit_Test" name="selectjobStartedyear" time="1.261"/>
  <testcase classname="dsa_sheet_Test.Profile_edit_Test" name="selectjobEndmonth" time="1.257"/>
  <testcase classname="dsa_sheet_Test.Profile_edit_Test" name="selectjobendyear" time="1.244"/>
  <testcase classname="dsa_sheet_Test.Profile_edit_Test" name="enterlocation" time="0.322"/>
  <testcase classname="dsa_sheet_Test.Profile_edit_Test" name="selectlocationtype" time="0.273"/>
  <testcase classname="dsa_sheet_Test.Profile_edit_Test" name="clickonanotherexp" time="1.417"/>
  <testcase classname="dsa_sheet_Test.Profile_edit_Test" name="Uploadresume" time="2.236"/>
  <testcase classname="dsa_sheet_Test.Profile_edit_Test" name="enterSkills" time="1.447"/>
  <testcase classname="dsa_sheet_Test.Profile_edit_Test" name="clickonsavebutton" time="0.710"/>
</testsuite> <!-- dsa_sheet_Test.Profile_edit_Test -->
