<?xml version="1.0" encoding="UTF-8"?>
<!-- Generated by org.testng.reporters.JUnitReportReporter -->
<testsuite hostname="DESKTOP-361HE37" failures="0" tests="2" name="dsa_sheet_Test.CreateAccount_Test" time="14.154" errors="0" timestamp="2025-09-20T16:26:42 IST" skipped="0">
  <testcase classname="dsa_sheet_Test.CreateAccount_Test" name="clickonSignin" time="3.969"/>
  <testcase classname="dsa_sheet_Test.CreateAccount_Test" name="createNewAccount" time="10.185"/>
</testsuite> <!-- dsa_sheet_Test.CreateAccount_Test -->
