<?xml version="1.0" encoding="UTF-8"?>
<!-- Generated by org.testng.reporters.JUnitReportReporter -->
<testsuite hostname="DESKTOP-361HE37" failures="0" tests="15" name="dsa_sheet_Test.Dsa_Profile_mainPageTest" time="25.717" errors="0" timestamp="2025-09-25T18:10:26 IST" skipped="0">
  <testcase classname="dsa_sheet_Test.Dsa_Profile_mainPageTest" name="clickonsignIN" time="1.739"/>
  <testcase classname="dsa_sheet_Test.Dsa_Profile_mainPageTest" name="Login" time="2.964"/>
  <testcase classname="dsa_sheet_Test.Dsa_Profile_mainPageTest" name="openProFile" time="1.710"/>
  <testcase classname="dsa_sheet_Test.Dsa_Profile_mainPageTest" name="clickonIdealprofile" time="2.079"/>
  <testcase classname="dsa_sheet_Test.Dsa_Profile_mainPageTest" name="clickonprevmonth" time="0.676"/>
  <testcase classname="dsa_sheet_Test.Dsa_Profile_mainPageTest" name="clickOnnextmonth" time="0.641"/>
  <testcase classname="dsa_sheet_Test.Dsa_Profile_mainPageTest" name="clickonprevweekData" time="0.624"/>
  <testcase classname="dsa_sheet_Test.Dsa_Profile_mainPageTest" name="clickonNextWeekData" time="0.625"/>
  <testcase classname="dsa_sheet_Test.Dsa_Profile_mainPageTest" name="clickonaddexperiance" time="1.904"/>
  <testcase classname="dsa_sheet_Test.Dsa_Profile_mainPageTest" name="clickonAddeducation" time="1.134"/>
  <testcase classname="dsa_sheet_Test.Dsa_Profile_mainPageTest" name="clickonaddCodeForce" time="1.108"/>
  <testcase classname="dsa_sheet_Test.Dsa_Profile_mainPageTest" name="clickonAddlinkedin" time="1.237"/>
  <testcase classname="dsa_sheet_Test.Dsa_Profile_mainPageTest" name="addNote" time="2.289"/>
  <testcase classname="dsa_sheet_Test.Dsa_Profile_mainPageTest" name="clickonseeallNotes" time="1.688"/>
  <testcase classname="dsa_sheet_Test.Dsa_Profile_mainPageTest" name="SeeAllcodebuddyList" time="5.299"/>
</testsuite> <!-- dsa_sheet_Test.Dsa_Profile_mainPageTest -->
