<?xml version="1.0" encoding="UTF-8"?>
<!-- Generated by org.testng.reporters.JUnitReportReporter -->
<testsuite hostname="DESKTOP-361HE37" failures="0" tests="11" name="dsa_sheet_Test.Setting_test" time="13.789" errors="0" timestamp="2025-09-25T19:20:07 IST" skipped="0">
  <testcase classname="dsa_sheet_Test.Setting_test" name="clickonsignIN" time="1.953"/>
  <testcase classname="dsa_sheet_Test.Setting_test" name="Login" time="2.842"/>
  <testcase classname="dsa_sheet_Test.Setting_test" name="openSetting" time="3.625"/>
  <testcase classname="dsa_sheet_Test.Setting_test" name="clickonEmailtoggle" time="0.756"/>
  <testcase classname="dsa_sheet_Test.Setting_test" name="clickonWhatsapptoggle" time="0.165"/>
  <testcase classname="dsa_sheet_Test.Setting_test" name="currentPassword" time="0.609"/>
  <testcase classname="dsa_sheet_Test.Setting_test" name="Enternewpassword" time="0.291"/>
  <testcase classname="dsa_sheet_Test.Setting_test" name="confirmpassword" time="0.259"/>
  <testcase classname="dsa_sheet_Test.Setting_test" name="clickonsavePassword" time="0.197"/>
  <testcase classname="dsa_sheet_Test.Setting_test" name="uploadpic" time="2.878"/>
  <testcase classname="dsa_sheet_Test.Setting_test" name="clickonsavechanges" time="0.214"/>
</testsuite> <!-- dsa_sheet_Test.Setting_test -->
