<?xml version="1.0" encoding="UTF-8"?>
<!-- Generated by org.testng.reporters.JUnitReportReporter -->
<testsuite hostname="DESKTOP-361HE37" failures="0" tests="1" name="asdf.Asdf" time="3.880" errors="0" timestamp="2025-09-20T11:08:28 IST" skipped="0">
  <testcase classname="asdf.Asdf" name="Test" time="3.880"/>
</testsuite> <!-- asdf.Asdf -->
