<?xml version="1.0" encoding="UTF-8"?>
<!-- Generated by org.testng.reporters.JUnitReportReporter -->
<testsuite hostname="DESKTOP-361HE37" failures="0" tests="1" name="baselibrary.Baseliberary" time="5.059" errors="0" timestamp="2025-09-20T11:51:39 IST" skipped="0">
  <testcase classname="baselibrary.Baseliberary" name="launchSheetURL" time="5.059"/>
</testsuite> <!-- baselibrary.Baseliberary -->
