<?xml version="1.0" encoding="UTF-8"?>
<!-- Generated by org.testng.reporters.JUnitReportReporter -->
<testsuite hostname="DESKTOP-361HE37" failures="0" tests="1" name="baselibrary.Base" time="0.352" errors="0" timestamp="2025-09-28T16:04:02 IST" skipped="0">
  <testcase classname="baselibrary.Base" name="mess" time="0.352"/>
</testsuite> <!-- baselibrary.Base -->
