<?xml version="1.0" encoding="UTF-8"?>
<!-- Generated by org.testng.reporters.JUnitReportReporter -->
<testsuite hostname="DESKTOP-361HE37" failures="0" tests="3" name="dsa_sheet_Test.Article_test" time="4.590" errors="0" timestamp="2025-09-29T23:28:58 IST" skipped="0">
  <testcase classname="dsa_sheet_Test.Article_test" name="clickonsignIN" time="1.525"/>
  <testcase classname="dsa_sheet_Test.Article_test" name="Login" time="1.813"/>
  <testcase classname="dsa_sheet_Test.Article_test" name="Clickonarticle" time="1.252"/>
</testsuite> <!-- dsa_sheet_Test.Article_test -->
