<?xml version="1.0" encoding="UTF-8"?>
<!-- Generated by org.testng.reporters.JUnitReportReporter -->
<testsuite hostname="DESKTOP-361HE37" failures="0" tests="15" name="dsa_sheet_Test.Dsa_sheet_mainpagetest" time="94.528" errors="0" timestamp="2025-09-27T15:01:26 IST" skipped="0">
  <testcase classname="dsa_sheet_Test.Dsa_sheet_mainpagetest" name="clickonsignIN" time="1.275"/>
  <testcase classname="dsa_sheet_Test.Dsa_sheet_mainpagetest" name="login" time="1.370"/>
  <testcase classname="dsa_sheet_Test.Dsa_sheet_mainpagetest" name="clickonLeftSideOption" time="2.312"/>
  <testcase classname="dsa_sheet_Test.Dsa_sheet_mainpagetest" name="VerifyComapnywiseSheet" time="2.472"/>
  <testcase classname="dsa_sheet_Test.Dsa_sheet_mainpagetest" name="clickonCompanyWiseSheet" time="2.310"/>
  <testcase classname="dsa_sheet_Test.Dsa_sheet_mainpagetest" name="clickonCodebuddy" time="2.279"/>
  <testcase classname="dsa_sheet_Test.Dsa_sheet_mainpagetest" name="ClickonsavedButton" time="0.411"/>
  <testcase classname="dsa_sheet_Test.Dsa_sheet_mainpagetest" name="ShowSaveQuestion" time="0.169"/>
  <testcase classname="dsa_sheet_Test.Dsa_sheet_mainpagetest" name="openQuestion" time="3.347"/>
  <testcase classname="dsa_sheet_Test.Dsa_sheet_mainpagetest" name="ClickonCheckBox" time="1.412"/>
  <testcase classname="dsa_sheet_Test.Dsa_sheet_mainpagetest" name="clickonArticles" time="19.673"/>
  <testcase classname="dsa_sheet_Test.Dsa_sheet_mainpagetest" name="clickonYT" time="23.066"/>
  <testcase classname="dsa_sheet_Test.Dsa_sheet_mainpagetest" name="clickonpractice" time="22.360"/>
  <testcase classname="dsa_sheet_Test.Dsa_sheet_mainpagetest" name="clickonTimer" time="2.501"/>
  <testcase classname="dsa_sheet_Test.Dsa_sheet_mainpagetest" name="saveQUestion" time="9.571"/>
</testsuite> <!-- dsa_sheet_Test.Dsa_sheet_mainpagetest -->
