<?xml version="1.0" encoding="UTF-8"?>
<!-- Generated by org.testng.reporters.JUnitReportReporter -->
<testsuite hostname="DESKTOP-361HE37" failures="0" tests="2" name="dsa_sheet_Test.Login_test" time="10.993" errors="0" timestamp="2025-09-28T16:30:06 IST" skipped="0">
  <testcase classname="dsa_sheet_Test.Login_test" name="clickonsignIN" time="4.695"/>
  <testcase classname="dsa_sheet_Test.Login_test" name="Login" time="6.298"/>
</testsuite> <!-- dsa_sheet_Test.Login_test -->
