<?xml version="1.0" encoding="UTF-8"?>
<!-- Generated by org.testng.reporters.JUnitReportReporter -->
<testsuite hostname="DESKTOP-361HE37" failures="0" tests="14" name="dsa_sheet_Test.DSA_sheet_HeaderTest" time="29.805" errors="0" timestamp="2025-09-27T14:58:29 IST" skipped="0">
  <testcase classname="dsa_sheet_Test.DSA_sheet_HeaderTest" name="clickonsignIN" time="1.319"/>
  <testcase classname="dsa_sheet_Test.DSA_sheet_HeaderTest" name="Login" time="2.227"/>
  <testcase classname="dsa_sheet_Test.DSA_sheet_HeaderTest" name="clickoncourses" time="1.161"/>
  <testcase classname="dsa_sheet_Test.DSA_sheet_HeaderTest" name="clickonAlpha6" time="5.548"/>
  <testcase classname="dsa_sheet_Test.DSA_sheet_HeaderTest" name="clickonDelta7" time="3.866"/>
  <testcase classname="dsa_sheet_Test.DSA_sheet_HeaderTest" name="clickonSigma_9" time="4.976"/>
  <testcase classname="dsa_sheet_Test.DSA_sheet_HeaderTest" name="clickonResource" time="1.102"/>
  <testcase classname="dsa_sheet_Test.DSA_sheet_HeaderTest" name="clickonDsaSheet" time="1.259"/>
  <testcase classname="dsa_sheet_Test.DSA_sheet_HeaderTest" name="testSearchBar" time="1.312"/>
  <testcase classname="dsa_sheet_Test.DSA_sheet_HeaderTest" name="checkNotifications" time="1.113"/>
  <testcase classname="dsa_sheet_Test.DSA_sheet_HeaderTest" name="checkDarkmodebutton" time="1.136"/>
  <testcase classname="dsa_sheet_Test.DSA_sheet_HeaderTest" name="chekcodingStreak" time="2.500"/>
  <testcase classname="dsa_sheet_Test.DSA_sheet_HeaderTest" name="clickonProfileLogo" time="1.108"/>
  <testcase classname="dsa_sheet_Test.DSA_sheet_HeaderTest" name="clickonprofiledropdown" time="1.178"/>
</testsuite> <!-- dsa_sheet_Test.DSA_sheet_HeaderTest -->
