<?xml version="1.0" encoding="UTF-8"?>
<!-- Generated by org.testng.reporters.JUnitReportReporter -->
<testsuite hostname="DESKTOP-361HE37" failures="0" tests="8" name="dsa_sheet_Test.DaysTest" time="34.653" errors="0" timestamp="2025-09-27T20:52:58 IST" skipped="0">
  <testcase classname="dsa_sheet_Test.DaysTest" name="clickonsignIN" time="5.574"/>
  <testcase classname="dsa_sheet_Test.DaysTest" name="Login" time="4.777"/>
  <testcase classname="dsa_sheet_Test.DaysTest" name="clickonday1close" time="4.391"/>
  <testcase classname="dsa_sheet_Test.DaysTest" name="Allarticle" time="4.035"/>
  <testcase classname="dsa_sheet_Test.DaysTest" name="AllCheckBox" time="15.864"/>
  <testcase classname="dsa_sheet_Test.DaysTest" name="Allytvideos" time="0.003"/>
  <testcase classname="dsa_sheet_Test.DaysTest" name="Allpractice" time="0.005"/>
  <testcase classname="dsa_sheet_Test.DaysTest" name="AllSaveQue" time="0.004"/>
</testsuite> <!-- dsa_sheet_Test.DaysTest -->
