<?xml version="1.0" encoding="UTF-8"?>
<!-- Generated by org.testng.reporters.JUnitReportReporter -->
<testsuite hostname="DESKTOP-361HE37" failures="0" tests="2" name="dsa_sheet_Test.Login_test" time="16.938" errors="0" timestamp="2025-09-20T15:45:17 IST" skipped="0">
  <testcase classname="dsa_sheet_Test.Login_test" name="clickonsignIN" time="5.195"/>
  <testcase classname="dsa_sheet_Test.Login_test" name="Login" time="11.743"/>
</testsuite> <!-- dsa_sheet_Test.Login_test -->
